02:00:56,108  INFO Version:15 - Hibernate Annotations 3.2.0.GA
02:00:56,820 DEBUG AnnotationConfiguration:539 - null<-org.dom4j.tree.DefaultAttribute@56ff18 [Attribute: name class value "actionForm.Bank_Detail"]
02:00:56,967 DEBUG AnnotationConfiguration:539 - null<-org.dom4j.tree.DefaultAttribute@1445d28 [Attribute: name class value "actionForm.Admin_Login"]
02:00:57,018 DEBUG AnnotationConfiguration:539 - null<-org.dom4j.tree.DefaultAttribute@aad8f9 [Attribute: name class value "actionForm.Emp_Login"]
02:00:57,020 DEBUG AnnotationConfiguration:539 - null<-org.dom4j.tree.DefaultAttribute@6b258d [Attribute: name class value "actionForm.Client_Login"]
02:00:57,022 DEBUG AnnotationConfiguration:539 - null<-org.dom4j.tree.DefaultAttribute@327cee [Attribute: name class value "actionForm.Emp_AddTrans"]
02:00:57,119 DEBUG AnnotationConfiguration:539 - null<-org.dom4j.tree.DefaultAttribute@1c047f0 [Attribute: name class value "actionForm.Client_View"]
02:00:57,126 DEBUG AnnotationConfiguration:539 - null<-org.dom4j.tree.DefaultAttribute@a877c0 [Attribute: name class value "actionForm.Admin_ClientChPW"]
02:00:57,128 DEBUG AnnotationConfiguration:539 - null<-org.dom4j.tree.DefaultAttribute@1e89539 [Attribute: name class value "actionForm.Admin_EmpChPW"]
02:00:57,130 DEBUG AnnotationConfiguration:235 - Execute first pass mapping processing
02:00:57,319 DEBUG AnnotationConfiguration:435 - Process hbm files
02:00:57,319 DEBUG AnnotationConfiguration:443 - Process annotated classes
02:00:57,324  INFO AnnotationBinder:387 - Binding entity from annotated class: actionForm.Bank_Detail
02:00:57,342 DEBUG Ejb3Column:161 - Binding column DTYPE unique false
02:00:57,358 DEBUG EntityBinder:212 - Import with entity name=Bank_Detail
02:00:57,362  INFO EntityBinder:340 - Bind entity actionForm.Bank_Detail on table bank_details
02:00:57,371 DEBUG AnnotationBinder:940 - Processing actionForm.Bank_Detail property annotation
02:00:57,441 DEBUG AnnotationBinder:1032 - Processing annotations of actionForm.Bank_Detail.id
02:00:57,442 DEBUG Ejb3Column:161 - Binding column id unique false
02:00:57,443 DEBUG AnnotationBinder:1153 - id is an id
02:00:57,450 DEBUG SimpleValueBinder:220 - building SimpleValue for id
02:00:57,456 DEBUG PropertyBinder:122 - Building property id
02:00:57,461 DEBUG PropertyBinder:155 - Cascading id with null
02:00:57,461 DEBUG AnnotationBinder:1186 - Bind @Id on id
02:00:57,462 DEBUG AnnotationBinder:1032 - Processing annotations of actionForm.Bank_Detail.bank_id
02:00:57,463 DEBUG Ejb3Column:161 - Binding column bank_id unique false
02:00:57,463 DEBUG AnnotationBinder:1153 - bank_id is an id
02:00:57,463 DEBUG SimpleValueBinder:220 - building SimpleValue for bank_id
02:00:57,464 DEBUG PropertyBinder:122 - Building property bank_id
02:00:57,464 DEBUG PropertyBinder:155 - Cascading bank_id with null
02:00:57,464 DEBUG AnnotationBinder:1186 - Bind @Id on bank_id
02:00:57,464 DEBUG AnnotationBinder:1032 - Processing annotations of actionForm.Bank_Detail.bank_branch_add
02:00:57,465 DEBUG Ejb3Column:161 - Binding column bank_branch_add unique false
02:00:57,465 DEBUG PropertyBinder:102 - binding property bank_branch_add with lazy=false
02:00:57,466 DEBUG SimpleValueBinder:220 - building SimpleValue for bank_branch_add
02:00:57,466 DEBUG PropertyBinder:122 - Building property bank_branch_add
02:00:57,466 DEBUG PropertyBinder:155 - Cascading bank_branch_add with null
02:00:57,467 DEBUG AnnotationBinder:1032 - Processing annotations of actionForm.Bank_Detail.bank_branch_name
02:00:57,467 DEBUG Ejb3Column:161 - Binding column bank_branch_name unique false
02:00:57,467 DEBUG PropertyBinder:102 - binding property bank_branch_name with lazy=false
02:00:57,468 DEBUG SimpleValueBinder:220 - building SimpleValue for bank_branch_name
02:00:57,468 DEBUG PropertyBinder:122 - Building property bank_branch_name
02:00:57,468 DEBUG PropertyBinder:155 - Cascading bank_branch_name with null
02:00:57,468 DEBUG AnnotationBinder:1032 - Processing annotations of actionForm.Bank_Detail.bank_branch_city
02:00:57,469 DEBUG Ejb3Column:161 - Binding column bank_branch_city unique false
02:00:57,469 DEBUG PropertyBinder:102 - binding property bank_branch_city with lazy=false
02:00:57,470 DEBUG SimpleValueBinder:220 - building SimpleValue for bank_branch_city
02:00:57,470 DEBUG PropertyBinder:122 - Building property bank_branch_city
02:00:57,470 DEBUG PropertyBinder:155 - Cascading bank_branch_city with null
02:00:57,470 DEBUG AnnotationBinder:1032 - Processing annotations of actionForm.Bank_Detail.bank_branch_phone
02:00:57,471 DEBUG Ejb3Column:161 - Binding column bank_branch_phone unique false
02:00:57,471 DEBUG PropertyBinder:102 - binding property bank_branch_phone with lazy=false
02:00:57,471 DEBUG SimpleValueBinder:220 - building SimpleValue for bank_branch_phone
02:00:57,472 DEBUG PropertyBinder:122 - Building property bank_branch_phone
02:00:57,472 DEBUG PropertyBinder:155 - Cascading bank_branch_phone with null
02:00:57,475  INFO AnnotationBinder:387 - Binding entity from annotated class: actionForm.Admin_Login
02:00:57,476 DEBUG Ejb3Column:161 - Binding column DTYPE unique false
02:00:57,476 DEBUG EntityBinder:212 - Import with entity name=Admin_Login
02:00:57,477  INFO EntityBinder:340 - Bind entity actionForm.Admin_Login on table bank_admin_login
02:00:57,477 DEBUG AnnotationBinder:940 - Processing actionForm.Admin_Login property annotation
02:00:57,483 DEBUG AnnotationBinder:1032 - Processing annotations of actionForm.Admin_Login.userName
02:00:57,483 DEBUG Ejb3Column:161 - Binding column bank_admin_user unique false
02:00:57,484 DEBUG AnnotationBinder:1153 - userName is an id
02:00:57,484 DEBUG SimpleValueBinder:220 - building SimpleValue for userName
02:00:57,484 DEBUG PropertyBinder:122 - Building property userName
02:00:57,485 DEBUG PropertyBinder:155 - Cascading userName with null
02:00:57,485 DEBUG AnnotationBinder:1186 - Bind @Id on userName
02:00:57,485 DEBUG AnnotationBinder:1032 - Processing annotations of actionForm.Admin_Login.bank_id
02:00:57,486 DEBUG Ejb3Column:161 - Binding column bank_admin_id unique false
02:00:57,486 DEBUG PropertyBinder:102 - binding property bank_id with lazy=false
02:00:57,486 DEBUG SimpleValueBinder:220 - building SimpleValue for bank_id
02:00:57,487 DEBUG PropertyBinder:122 - Building property bank_id
02:00:57,487 DEBUG PropertyBinder:155 - Cascading bank_id with null
02:00:57,488 DEBUG AnnotationBinder:1032 - Processing annotations of actionForm.Admin_Login.password
02:00:57,488 DEBUG Ejb3Column:161 - Binding column bank_admin_pass unique false
02:00:57,489 DEBUG PropertyBinder:102 - binding property password with lazy=false
02:00:57,489 DEBUG SimpleValueBinder:220 - building SimpleValue for password
02:00:57,489 DEBUG PropertyBinder:122 - Building property password
02:00:57,489 DEBUG PropertyBinder:155 - Cascading password with null
02:00:57,490  INFO AnnotationBinder:387 - Binding entity from annotated class: actionForm.Emp_Login
02:00:57,490 DEBUG Ejb3Column:161 - Binding column DTYPE unique false
02:00:57,491 DEBUG EntityBinder:212 - Import with entity name=Emp_Login
02:00:57,491  INFO EntityBinder:340 - Bind entity actionForm.Emp_Login on table bank_emp_login
02:00:57,491 DEBUG AnnotationBinder:940 - Processing actionForm.Emp_Login property annotation
02:00:57,494 DEBUG AnnotationBinder:1032 - Processing annotations of actionForm.Emp_Login.userName
02:00:57,494 DEBUG Ejb3Column:161 - Binding column bank_emp_user unique false
02:00:57,495 DEBUG AnnotationBinder:1153 - userName is an id
02:00:57,495 DEBUG SimpleValueBinder:220 - building SimpleValue for userName
02:00:57,495 DEBUG PropertyBinder:122 - Building property userName
02:00:57,496 DEBUG PropertyBinder:155 - Cascading userName with null
02:00:57,496 DEBUG AnnotationBinder:1186 - Bind @Id on userName
02:00:57,496 DEBUG AnnotationBinder:1032 - Processing annotations of actionForm.Emp_Login.bank_id
02:00:57,496 DEBUG Ejb3Column:161 - Binding column bank_emp_id unique false
02:00:57,497 DEBUG PropertyBinder:102 - binding property bank_id with lazy=false
02:00:57,497 DEBUG SimpleValueBinder:220 - building SimpleValue for bank_id
02:00:57,498 DEBUG PropertyBinder:122 - Building property bank_id
02:00:57,498 DEBUG PropertyBinder:155 - Cascading bank_id with null
02:00:57,498 DEBUG AnnotationBinder:1032 - Processing annotations of actionForm.Emp_Login.password
02:00:57,498 DEBUG Ejb3Column:161 - Binding column bank_emp_pass unique false
02:00:57,499 DEBUG PropertyBinder:102 - binding property password with lazy=false
02:00:57,499 DEBUG SimpleValueBinder:220 - building SimpleValue for password
02:00:57,499 DEBUG PropertyBinder:122 - Building property password
02:00:57,499 DEBUG PropertyBinder:155 - Cascading password with null
02:00:57,500  INFO AnnotationBinder:387 - Binding entity from annotated class: actionForm.Client_Login
02:00:57,500 DEBUG Ejb3Column:161 - Binding column DTYPE unique false
02:00:57,500 DEBUG EntityBinder:212 - Import with entity name=Client_Login
02:00:57,501  INFO EntityBinder:340 - Bind entity actionForm.Client_Login on table bank_client_login
02:00:57,501 DEBUG AnnotationBinder:940 - Processing actionForm.Client_Login property annotation
02:00:57,503 DEBUG AnnotationBinder:1032 - Processing annotations of actionForm.Client_Login.userName
02:00:57,503 DEBUG Ejb3Column:161 - Binding column bank_client_user unique false
02:00:57,504 DEBUG AnnotationBinder:1153 - userName is an id
02:00:57,504 DEBUG SimpleValueBinder:220 - building SimpleValue for userName
02:00:57,504 DEBUG PropertyBinder:122 - Building property userName
02:00:57,504 DEBUG PropertyBinder:155 - Cascading userName with null
02:00:57,505 DEBUG AnnotationBinder:1186 - Bind @Id on userName
02:00:57,505 DEBUG AnnotationBinder:1032 - Processing annotations of actionForm.Client_Login.bank_id
02:00:57,505 DEBUG Ejb3Column:161 - Binding column bank_client_id unique false
02:00:57,505 DEBUG PropertyBinder:102 - binding property bank_id with lazy=false
02:00:57,506 DEBUG SimpleValueBinder:220 - building SimpleValue for bank_id
02:00:57,506 DEBUG PropertyBinder:122 - Building property bank_id
02:00:57,506 DEBUG PropertyBinder:155 - Cascading bank_id with null
02:00:57,506 DEBUG AnnotationBinder:1032 - Processing annotations of actionForm.Client_Login.password
02:00:57,507 DEBUG Ejb3Column:161 - Binding column bank_client_pass unique false
02:00:57,507 DEBUG PropertyBinder:102 - binding property password with lazy=false
02:00:57,507 DEBUG SimpleValueBinder:220 - building SimpleValue for password
02:00:57,507 DEBUG PropertyBinder:122 - Building property password
02:00:57,507 DEBUG PropertyBinder:155 - Cascading password with null
02:00:57,508  INFO AnnotationBinder:387 - Binding entity from annotated class: actionForm.Emp_AddTrans
02:00:57,508 DEBUG Ejb3Column:161 - Binding column DTYPE unique false
02:00:57,508 DEBUG EntityBinder:212 - Import with entity name=Emp_AddTrans
02:00:57,508  INFO EntityBinder:340 - Bind entity actionForm.Emp_AddTrans on table bank_trans
02:00:57,509 DEBUG AnnotationBinder:940 - Processing actionForm.Emp_AddTrans property annotation
02:00:57,513 DEBUG AnnotationBinder:1032 - Processing annotations of actionForm.Emp_AddTrans.id
02:00:57,513 DEBUG Ejb3Column:161 - Binding column id unique false
02:00:57,514 DEBUG AnnotationBinder:1153 - id is an id
02:00:57,514 DEBUG SimpleValueBinder:220 - building SimpleValue for id
02:00:57,514 DEBUG PropertyBinder:122 - Building property id
02:00:57,515 DEBUG PropertyBinder:155 - Cascading id with null
02:00:57,515 DEBUG AnnotationBinder:1186 - Bind @Id on id
02:00:57,515 DEBUG AnnotationBinder:1032 - Processing annotations of actionForm.Emp_AddTrans.clid
02:00:57,515 DEBUG Ejb3Column:161 - Binding column bank_client_id unique false
02:00:57,516 DEBUG PropertyBinder:102 - binding property clid with lazy=false
02:00:57,516 DEBUG SimpleValueBinder:220 - building SimpleValue for clid
02:00:57,516 DEBUG PropertyBinder:122 - Building property clid
02:00:57,516 DEBUG PropertyBinder:155 - Cascading clid with null
02:00:57,516 DEBUG AnnotationBinder:1032 - Processing annotations of actionForm.Emp_AddTrans.details
02:00:57,517 DEBUG Ejb3Column:161 - Binding column details unique false
02:00:57,517 DEBUG PropertyBinder:102 - binding property details with lazy=false
02:00:57,517 DEBUG SimpleValueBinder:220 - building SimpleValue for details
02:00:57,517 DEBUG PropertyBinder:122 - Building property details
02:00:57,518 DEBUG PropertyBinder:155 - Cascading details with null
02:00:57,518 DEBUG AnnotationBinder:1032 - Processing annotations of actionForm.Emp_AddTrans.amount
02:00:57,518 DEBUG Ejb3Column:161 - Binding column balance unique false
02:00:57,519 DEBUG PropertyBinder:102 - binding property amount with lazy=false
02:00:57,519 DEBUG SimpleValueBinder:220 - building SimpleValue for amount
02:00:57,519 DEBUG PropertyBinder:122 - Building property amount
02:00:57,519 DEBUG PropertyBinder:155 - Cascading amount with null
02:00:57,520 DEBUG AnnotationBinder:1032 - Processing annotations of actionForm.Emp_AddTrans.withdrawn
02:00:57,520 DEBUG Ejb3Column:161 - Binding column withdrawn unique false
02:00:57,521 DEBUG PropertyBinder:102 - binding property withdrawn with lazy=false
02:00:57,521 DEBUG SimpleValueBinder:220 - building SimpleValue for withdrawn
02:00:57,521 DEBUG PropertyBinder:122 - Building property withdrawn
02:00:57,521 DEBUG PropertyBinder:155 - Cascading withdrawn with null
02:00:57,521 DEBUG AnnotationBinder:1032 - Processing annotations of actionForm.Emp_AddTrans.deposit
02:00:57,522 DEBUG Ejb3Column:161 - Binding column deposit unique false
02:00:57,522 DEBUG PropertyBinder:102 - binding property deposit with lazy=false
02:00:57,522 DEBUG SimpleValueBinder:220 - building SimpleValue for deposit
02:00:57,522 DEBUG PropertyBinder:122 - Building property deposit
02:00:57,523 DEBUG PropertyBinder:155 - Cascading deposit with null
02:00:57,523  INFO AnnotationBinder:387 - Binding entity from annotated class: actionForm.Client_View
02:00:57,523 DEBUG Ejb3Column:161 - Binding column DTYPE unique false
02:00:57,524 DEBUG EntityBinder:212 - Import with entity name=Client_View
02:00:57,524  INFO EntityBinder:340 - Bind entity actionForm.Client_View on table bank_trans
02:00:57,529 DEBUG AnnotationBinder:940 - Processing actionForm.Client_View property annotation
02:00:57,543 DEBUG AnnotationBinder:1032 - Processing annotations of actionForm.Client_View.id
02:00:57,544 DEBUG Ejb3Column:161 - Binding column id unique false
02:00:57,544 DEBUG AnnotationBinder:1153 - id is an id
02:00:57,544 DEBUG SimpleValueBinder:220 - building SimpleValue for id
02:00:57,545 DEBUG PropertyBinder:122 - Building property id
02:00:57,545 DEBUG PropertyBinder:155 - Cascading id with null
02:00:57,546 DEBUG AnnotationBinder:1186 - Bind @Id on id
02:00:57,546 DEBUG AnnotationBinder:1032 - Processing annotations of actionForm.Client_View.clid
02:00:57,546 DEBUG Ejb3Column:161 - Binding column bank_client_id unique false
02:00:57,547 DEBUG PropertyBinder:102 - binding property clid with lazy=false
02:00:57,547 DEBUG SimpleValueBinder:220 - building SimpleValue for clid
02:00:57,547 DEBUG PropertyBinder:122 - Building property clid
02:00:57,548 DEBUG PropertyBinder:155 - Cascading clid with null
02:00:57,548 DEBUG AnnotationBinder:1032 - Processing annotations of actionForm.Client_View.details
02:00:57,551 DEBUG Ejb3Column:161 - Binding column details unique false
02:00:57,551 DEBUG PropertyBinder:102 - binding property details with lazy=false
02:00:57,552 DEBUG SimpleValueBinder:220 - building SimpleValue for details
02:00:57,552 DEBUG PropertyBinder:122 - Building property details
02:00:57,552 DEBUG PropertyBinder:155 - Cascading details with null
02:00:57,552 DEBUG AnnotationBinder:1032 - Processing annotations of actionForm.Client_View.amount
02:00:57,553 DEBUG Ejb3Column:161 - Binding column balance unique false
02:00:57,553 DEBUG PropertyBinder:102 - binding property amount with lazy=false
02:00:57,553 DEBUG SimpleValueBinder:220 - building SimpleValue for amount
02:00:57,554 DEBUG PropertyBinder:122 - Building property amount
02:00:57,554 DEBUG PropertyBinder:155 - Cascading amount with null
02:00:57,554 DEBUG AnnotationBinder:1032 - Processing annotations of actionForm.Client_View.withdrawn
02:00:57,555 DEBUG Ejb3Column:161 - Binding column withdrawn unique false
02:00:57,555 DEBUG PropertyBinder:102 - binding property withdrawn with lazy=false
02:00:57,555 DEBUG SimpleValueBinder:220 - building SimpleValue for withdrawn
02:00:57,556 DEBUG PropertyBinder:122 - Building property withdrawn
02:00:57,556 DEBUG PropertyBinder:155 - Cascading withdrawn with null
02:00:57,556 DEBUG AnnotationBinder:1032 - Processing annotations of actionForm.Client_View.deposit
02:00:57,556 DEBUG Ejb3Column:161 - Binding column deposit unique false
02:00:57,557 DEBUG PropertyBinder:102 - binding property deposit with lazy=false
02:00:57,557 DEBUG SimpleValueBinder:220 - building SimpleValue for deposit
02:00:57,557 DEBUG PropertyBinder:122 - Building property deposit
02:00:57,558 DEBUG PropertyBinder:155 - Cascading deposit with null
02:00:57,558  INFO AnnotationBinder:387 - Binding entity from annotated class: actionForm.Admin_ClientChPW
02:00:57,558 DEBUG Ejb3Column:161 - Binding column DTYPE unique false
02:00:57,559 DEBUG EntityBinder:212 - Import with entity name=Admin_ClientChPW
02:00:57,559  INFO EntityBinder:340 - Bind entity actionForm.Admin_ClientChPW on table bank_client_login
02:00:57,559 DEBUG AnnotationBinder:940 - Processing actionForm.Admin_ClientChPW property annotation
02:00:57,562 DEBUG AnnotationBinder:1032 - Processing annotations of actionForm.Admin_ClientChPW.userName
02:00:57,562 DEBUG Ejb3Column:161 - Binding column bank_client_user unique false
02:00:57,563 DEBUG AnnotationBinder:1153 - userName is an id
02:00:57,563 DEBUG SimpleValueBinder:220 - building SimpleValue for userName
02:00:57,563 DEBUG PropertyBinder:122 - Building property userName
02:00:57,564 DEBUG PropertyBinder:155 - Cascading userName with null
02:00:57,564 DEBUG AnnotationBinder:1186 - Bind @Id on userName
02:00:57,564 DEBUG AnnotationBinder:1032 - Processing annotations of actionForm.Admin_ClientChPW.bank_id
02:00:57,564 DEBUG Ejb3Column:161 - Binding column bank_client_id unique false
02:00:57,565 DEBUG PropertyBinder:102 - binding property bank_id with lazy=false
02:00:57,565 DEBUG SimpleValueBinder:220 - building SimpleValue for bank_id
02:00:57,566 DEBUG PropertyBinder:122 - Building property bank_id
02:00:57,566 DEBUG PropertyBinder:155 - Cascading bank_id with null
02:00:57,566 DEBUG AnnotationBinder:1032 - Processing annotations of actionForm.Admin_ClientChPW.password
02:00:57,566 DEBUG Ejb3Column:161 - Binding column bank_client_pass unique false
02:00:57,567 DEBUG PropertyBinder:102 - binding property password with lazy=false
02:00:57,567 DEBUG SimpleValueBinder:220 - building SimpleValue for password
02:00:57,567 DEBUG PropertyBinder:122 - Building property password
02:00:57,567 DEBUG PropertyBinder:155 - Cascading password with null
02:00:57,568  INFO AnnotationBinder:387 - Binding entity from annotated class: actionForm.Admin_EmpChPW
02:00:57,568 DEBUG Ejb3Column:161 - Binding column DTYPE unique false
02:00:57,569 DEBUG EntityBinder:212 - Import with entity name=Admin_EmpChPW
02:00:57,569  INFO EntityBinder:340 - Bind entity actionForm.Admin_EmpChPW on table bank_emp_login
02:00:57,569 DEBUG AnnotationBinder:940 - Processing actionForm.Admin_EmpChPW property annotation
02:00:57,574 DEBUG AnnotationBinder:1032 - Processing annotations of actionForm.Admin_EmpChPW.userName
02:00:57,575 DEBUG Ejb3Column:161 - Binding column bank_emp_user unique false
02:00:57,575 DEBUG AnnotationBinder:1153 - userName is an id
02:00:57,575 DEBUG SimpleValueBinder:220 - building SimpleValue for userName
02:00:57,575 DEBUG PropertyBinder:122 - Building property userName
02:00:57,576 DEBUG PropertyBinder:155 - Cascading userName with null
02:00:57,576 DEBUG AnnotationBinder:1186 - Bind @Id on userName
02:00:57,576 DEBUG AnnotationBinder:1032 - Processing annotations of actionForm.Admin_EmpChPW.bank_id
02:00:57,576 DEBUG Ejb3Column:161 - Binding column bank_emp_id unique false
02:00:57,577 DEBUG PropertyBinder:102 - binding property bank_id with lazy=false
02:00:57,577 DEBUG SimpleValueBinder:220 - building SimpleValue for bank_id
02:00:57,577 DEBUG PropertyBinder:122 - Building property bank_id
02:00:57,578 DEBUG PropertyBinder:155 - Cascading bank_id with null
02:00:57,578 DEBUG AnnotationBinder:1032 - Processing annotations of actionForm.Admin_EmpChPW.password
02:00:57,578 DEBUG Ejb3Column:161 - Binding column bank_emp_pass unique false
02:00:57,578 DEBUG PropertyBinder:102 - binding property password with lazy=false
02:00:57,579 DEBUG SimpleValueBinder:220 - building SimpleValue for password
02:00:57,579 DEBUG PropertyBinder:122 - Building property password
02:00:57,579 DEBUG PropertyBinder:155 - Cascading password with null
02:00:57,579 DEBUG AnnotationConfiguration:329 - processing manytoone fk mappings
02:00:57,608 DEBUG ClassValidator:160 - ResourceBundle ValidatorMessages not found in thread context classloader
02:00:57,608 DEBUG ClassValidator:170 - ResourceBundle ValidatorMessages not found in Validator classloader. Delegate to org.hibernate.validator.resources.DefaultValidatorMessages
02:00:57,625 DEBUG ClassValidator:160 - ResourceBundle ValidatorMessages not found in thread context classloader
02:00:57,628 DEBUG ClassValidator:170 - ResourceBundle ValidatorMessages not found in Validator classloader. Delegate to org.hibernate.validator.resources.DefaultValidatorMessages
02:00:57,635 DEBUG ClassValidator:160 - ResourceBundle ValidatorMessages not found in thread context classloader
02:00:57,636 DEBUG ClassValidator:170 - ResourceBundle ValidatorMessages not found in Validator classloader. Delegate to org.hibernate.validator.resources.DefaultValidatorMessages
02:00:57,642 DEBUG ClassValidator:160 - ResourceBundle ValidatorMessages not found in thread context classloader
02:00:57,643 DEBUG ClassValidator:170 - ResourceBundle ValidatorMessages not found in Validator classloader. Delegate to org.hibernate.validator.resources.DefaultValidatorMessages
02:00:57,649 DEBUG ClassValidator:160 - ResourceBundle ValidatorMessages not found in thread context classloader
02:00:57,650 DEBUG ClassValidator:170 - ResourceBundle ValidatorMessages not found in Validator classloader. Delegate to org.hibernate.validator.resources.DefaultValidatorMessages
02:00:57,655 DEBUG ClassValidator:160 - ResourceBundle ValidatorMessages not found in thread context classloader
02:00:57,656 DEBUG ClassValidator:170 - ResourceBundle ValidatorMessages not found in Validator classloader. Delegate to org.hibernate.validator.resources.DefaultValidatorMessages
02:00:57,672 DEBUG ClassValidator:160 - ResourceBundle ValidatorMessages not found in thread context classloader
02:00:57,673 DEBUG ClassValidator:170 - ResourceBundle ValidatorMessages not found in Validator classloader. Delegate to org.hibernate.validator.resources.DefaultValidatorMessages
02:00:57,679 DEBUG ClassValidator:160 - ResourceBundle ValidatorMessages not found in thread context classloader
02:00:57,679 DEBUG ClassValidator:170 - ResourceBundle ValidatorMessages not found in Validator classloader. Delegate to org.hibernate.validator.resources.DefaultValidatorMessages
02:00:59,243 DEBUG AnnotationConfiguration:235 - Execute first pass mapping processing
02:00:59,243 DEBUG AnnotationConfiguration:435 - Process hbm files
02:00:59,243 DEBUG AnnotationConfiguration:443 - Process annotated classes
02:00:59,244 DEBUG AnnotationConfiguration:329 - processing manytoone fk mappings
02:00:59,244 DEBUG ClassValidator:160 - ResourceBundle ValidatorMessages not found in thread context classloader
02:00:59,244 DEBUG ClassValidator:170 - ResourceBundle ValidatorMessages not found in Validator classloader. Delegate to org.hibernate.validator.resources.DefaultValidatorMessages
02:00:59,249 DEBUG ClassValidator:160 - ResourceBundle ValidatorMessages not found in thread context classloader
02:00:59,249 DEBUG ClassValidator:170 - ResourceBundle ValidatorMessages not found in Validator classloader. Delegate to org.hibernate.validator.resources.DefaultValidatorMessages
02:00:59,253 DEBUG ClassValidator:160 - ResourceBundle ValidatorMessages not found in thread context classloader
02:00:59,253 DEBUG ClassValidator:170 - ResourceBundle ValidatorMessages not found in Validator classloader. Delegate to org.hibernate.validator.resources.DefaultValidatorMessages
02:00:59,256 DEBUG ClassValidator:160 - ResourceBundle ValidatorMessages not found in thread context classloader
02:00:59,257 DEBUG ClassValidator:170 - ResourceBundle ValidatorMessages not found in Validator classloader. Delegate to org.hibernate.validator.resources.DefaultValidatorMessages
02:00:59,261 DEBUG ClassValidator:160 - ResourceBundle ValidatorMessages not found in thread context classloader
02:00:59,262 DEBUG ClassValidator:170 - ResourceBundle ValidatorMessages not found in Validator classloader. Delegate to org.hibernate.validator.resources.DefaultValidatorMessages
02:00:59,266 DEBUG ClassValidator:160 - ResourceBundle ValidatorMessages not found in thread context classloader
02:00:59,267 DEBUG ClassValidator:170 - ResourceBundle ValidatorMessages not found in Validator classloader. Delegate to org.hibernate.validator.resources.DefaultValidatorMessages
02:00:59,273 DEBUG ClassValidator:160 - ResourceBundle ValidatorMessages not found in thread context classloader
02:00:59,273 DEBUG ClassValidator:170 - ResourceBundle ValidatorMessages not found in Validator classloader. Delegate to org.hibernate.validator.resources.DefaultValidatorMessages
02:00:59,276 DEBUG ClassValidator:160 - ResourceBundle ValidatorMessages not found in thread context classloader
02:00:59,277 DEBUG ClassValidator:170 - ResourceBundle ValidatorMessages not found in Validator classloader. Delegate to org.hibernate.validator.resources.DefaultValidatorMessages
21:53:30,386  INFO Version:15 - Hibernate Annotations 3.2.0.GA
21:53:30,588 DEBUG AnnotationConfiguration:539 - null<-org.dom4j.tree.DefaultAttribute@129a8472 [Attribute: name class value "actionForm.Bank_Detail"]
21:53:30,653 DEBUG AnnotationConfiguration:539 - null<-org.dom4j.tree.DefaultAttribute@643b1d11 [Attribute: name class value "actionForm.Admin_Login"]
21:53:30,654 DEBUG AnnotationConfiguration:539 - null<-org.dom4j.tree.DefaultAttribute@36d4b5c [Attribute: name class value "actionForm.Emp_Login"]
21:53:30,656 DEBUG AnnotationConfiguration:539 - null<-org.dom4j.tree.DefaultAttribute@51efea79 [Attribute: name class value "actionForm.Client_Login"]
21:53:30,657 DEBUG AnnotationConfiguration:539 - null<-org.dom4j.tree.DefaultAttribute@396a51ab [Attribute: name class value "actionForm.Admin_LoginMan"]
21:53:30,658 DEBUG AnnotationConfiguration:539 - null<-org.dom4j.tree.DefaultAttribute@7f9a81e8 [Attribute: name class value "actionForm.Emp_LoginMan"]
21:53:30,660 DEBUG AnnotationConfiguration:539 - null<-org.dom4j.tree.DefaultAttribute@62ee68d8 [Attribute: name class value "actionForm.Client_LoginMan"]
21:53:30,662 DEBUG AnnotationConfiguration:539 - null<-org.dom4j.tree.DefaultAttribute@58651fd0 [Attribute: name class value "actionForm.Admin_ClientChPW"]
21:53:30,663 DEBUG AnnotationConfiguration:539 - null<-org.dom4j.tree.DefaultAttribute@5419f379 [Attribute: name class value "actionForm.Admin_EmpChPW"]
21:53:30,665 DEBUG AnnotationConfiguration:539 - null<-org.dom4j.tree.DefaultAttribute@d2cc05a [Attribute: name class value "actionForm.Admin_AddEmp"]
21:53:30,666 DEBUG AnnotationConfiguration:539 - null<-org.dom4j.tree.DefaultAttribute@548a9f61 [Attribute: name class value "actionForm.Emp_AddClient"]
21:53:30,667 DEBUG AnnotationConfiguration:539 - null<-org.dom4j.tree.DefaultAttribute@7c16905e [Attribute: name class value "actionForm.Emp_AddTrans"]
21:53:30,668 DEBUG AnnotationConfiguration:539 - null<-org.dom4j.tree.DefaultAttribute@2a5ca609 [Attribute: name class value "actionForm.Client_View"]
21:53:30,669 DEBUG AnnotationConfiguration:235 - Execute first pass mapping processing
21:53:30,705 DEBUG AnnotationConfiguration:435 - Process hbm files
21:53:30,707 DEBUG AnnotationConfiguration:443 - Process annotated classes
21:53:30,710  INFO AnnotationBinder:387 - Binding entity from annotated class: actionForm.Bank_Detail
21:53:30,721 DEBUG Ejb3Column:161 - Binding column DTYPE unique false
21:53:30,730 DEBUG EntityBinder:212 - Import with entity name=Bank_Detail
21:53:30,733  INFO EntityBinder:340 - Bind entity actionForm.Bank_Detail on table bank_details
21:53:30,736 DEBUG AnnotationBinder:940 - Processing actionForm.Bank_Detail property annotation
21:53:30,754 DEBUG AnnotationBinder:1032 - Processing annotations of actionForm.Bank_Detail.bank_id
21:53:30,756 DEBUG Ejb3Column:161 - Binding column bank_id unique false
21:53:30,757 DEBUG AnnotationBinder:1153 - bank_id is an id
21:53:30,762 DEBUG SimpleValueBinder:220 - building SimpleValue for bank_id
21:53:30,766 DEBUG PropertyBinder:122 - Building property bank_id
21:53:30,770 DEBUG PropertyBinder:155 - Cascading bank_id with null
21:53:30,770 DEBUG AnnotationBinder:1186 - Bind @Id on bank_id
21:53:30,771 DEBUG AnnotationBinder:1032 - Processing annotations of actionForm.Bank_Detail.id
21:53:30,771 DEBUG Ejb3Column:161 - Binding column id unique false
21:53:30,772 DEBUG AnnotationBinder:1153 - id is an id
21:53:30,772 DEBUG SimpleValueBinder:220 - building SimpleValue for id
21:53:30,772 DEBUG PropertyBinder:122 - Building property id
21:53:30,773 DEBUG PropertyBinder:155 - Cascading id with null
21:53:30,773 DEBUG AnnotationBinder:1186 - Bind @Id on id
21:53:30,773 DEBUG AnnotationBinder:1032 - Processing annotations of actionForm.Bank_Detail.bank_branch_phone
21:53:30,773 DEBUG Ejb3Column:161 - Binding column bank_branch_phone unique false
21:53:30,774 DEBUG PropertyBinder:102 - binding property bank_branch_phone with lazy=false
21:53:30,774 DEBUG SimpleValueBinder:220 - building SimpleValue for bank_branch_phone
21:53:30,775 DEBUG PropertyBinder:122 - Building property bank_branch_phone
21:53:30,775 DEBUG PropertyBinder:155 - Cascading bank_branch_phone with null
21:53:30,775 DEBUG AnnotationBinder:1032 - Processing annotations of actionForm.Bank_Detail.bank_branch_city
21:53:30,776 DEBUG Ejb3Column:161 - Binding column bank_branch_city unique false
21:53:30,776 DEBUG PropertyBinder:102 - binding property bank_branch_city with lazy=false
21:53:30,776 DEBUG SimpleValueBinder:220 - building SimpleValue for bank_branch_city
21:53:30,776 DEBUG PropertyBinder:122 - Building property bank_branch_city
21:53:30,777 DEBUG PropertyBinder:155 - Cascading bank_branch_city with null
21:53:30,777 DEBUG AnnotationBinder:1032 - Processing annotations of actionForm.Bank_Detail.bank_branch_name
21:53:30,777 DEBUG Ejb3Column:161 - Binding column bank_branch_name unique false
21:53:30,777 DEBUG PropertyBinder:102 - binding property bank_branch_name with lazy=false
21:53:30,777 DEBUG SimpleValueBinder:220 - building SimpleValue for bank_branch_name
21:53:30,778 DEBUG PropertyBinder:122 - Building property bank_branch_name
21:53:30,778 DEBUG PropertyBinder:155 - Cascading bank_branch_name with null
21:53:30,778 DEBUG AnnotationBinder:1032 - Processing annotations of actionForm.Bank_Detail.bank_branch_add
21:53:30,779 DEBUG Ejb3Column:161 - Binding column bank_branch_add unique false
21:53:30,779 DEBUG PropertyBinder:102 - binding property bank_branch_add with lazy=false
21:53:30,779 DEBUG SimpleValueBinder:220 - building SimpleValue for bank_branch_add
21:53:30,781 DEBUG PropertyBinder:122 - Building property bank_branch_add
21:53:30,781 DEBUG PropertyBinder:155 - Cascading bank_branch_add with null
21:53:30,783  INFO AnnotationBinder:387 - Binding entity from annotated class: actionForm.Admin_Login
21:53:30,784 DEBUG Ejb3Column:161 - Binding column DTYPE unique false
21:53:30,784 DEBUG EntityBinder:212 - Import with entity name=Admin_Login
21:53:30,785  INFO EntityBinder:340 - Bind entity actionForm.Admin_Login on table bank_admin_login
21:53:30,785 DEBUG AnnotationBinder:940 - Processing actionForm.Admin_Login property annotation
21:53:30,788 DEBUG AnnotationBinder:1032 - Processing annotations of actionForm.Admin_Login.userName
21:53:30,788 DEBUG Ejb3Column:161 - Binding column bank_admin_user unique false
21:53:30,788 DEBUG AnnotationBinder:1153 - userName is an id
21:53:30,789 DEBUG SimpleValueBinder:220 - building SimpleValue for userName
21:53:30,789 DEBUG PropertyBinder:122 - Building property userName
21:53:30,789 DEBUG PropertyBinder:155 - Cascading userName with null
21:53:30,790 DEBUG AnnotationBinder:1186 - Bind @Id on userName
21:53:30,790 DEBUG AnnotationBinder:1032 - Processing annotations of actionForm.Admin_Login.password
21:53:30,790 DEBUG Ejb3Column:161 - Binding column bank_admin_pass unique false
21:53:30,790 DEBUG PropertyBinder:102 - binding property password with lazy=false
21:53:30,791 DEBUG SimpleValueBinder:220 - building SimpleValue for password
21:53:30,791 DEBUG PropertyBinder:122 - Building property password
21:53:30,792 DEBUG PropertyBinder:155 - Cascading password with null
21:53:30,792 DEBUG AnnotationBinder:1032 - Processing annotations of actionForm.Admin_Login.bank_id
21:53:30,792 DEBUG Ejb3Column:161 - Binding column bank_admin_id unique false
21:53:30,793 DEBUG PropertyBinder:102 - binding property bank_id with lazy=false
21:53:30,793 DEBUG SimpleValueBinder:220 - building SimpleValue for bank_id
21:53:30,793 DEBUG PropertyBinder:122 - Building property bank_id
21:53:30,794 DEBUG PropertyBinder:155 - Cascading bank_id with null
21:53:30,794  INFO AnnotationBinder:387 - Binding entity from annotated class: actionForm.Emp_Login
21:53:30,794 DEBUG Ejb3Column:161 - Binding column DTYPE unique false
21:53:30,795 DEBUG EntityBinder:212 - Import with entity name=Emp_Login
21:53:30,795  INFO EntityBinder:340 - Bind entity actionForm.Emp_Login on table bank_emp_login
21:53:30,796 DEBUG AnnotationBinder:940 - Processing actionForm.Emp_Login property annotation
21:53:30,799 DEBUG AnnotationBinder:1032 - Processing annotations of actionForm.Emp_Login.userName
21:53:30,800 DEBUG Ejb3Column:161 - Binding column bank_emp_user unique false
21:53:30,801 DEBUG AnnotationBinder:1153 - userName is an id
21:53:30,802 DEBUG SimpleValueBinder:220 - building SimpleValue for userName
21:53:30,802 DEBUG PropertyBinder:122 - Building property userName
21:53:30,802 DEBUG PropertyBinder:155 - Cascading userName with null
21:53:30,803 DEBUG AnnotationBinder:1186 - Bind @Id on userName
21:53:30,803 DEBUG AnnotationBinder:1032 - Processing annotations of actionForm.Emp_Login.password
21:53:30,803 DEBUG Ejb3Column:161 - Binding column bank_emp_pass unique false
21:53:30,804 DEBUG PropertyBinder:102 - binding property password with lazy=false
21:53:30,804 DEBUG SimpleValueBinder:220 - building SimpleValue for password
21:53:30,805 DEBUG PropertyBinder:122 - Building property password
21:53:30,805 DEBUG PropertyBinder:155 - Cascading password with null
21:53:30,805 DEBUG AnnotationBinder:1032 - Processing annotations of actionForm.Emp_Login.bank_id
21:53:30,809 DEBUG Ejb3Column:161 - Binding column bank_emp_id unique false
21:53:30,810 DEBUG PropertyBinder:102 - binding property bank_id with lazy=false
21:53:30,810 DEBUG SimpleValueBinder:220 - building SimpleValue for bank_id
21:53:30,811 DEBUG PropertyBinder:122 - Building property bank_id
21:53:30,811 DEBUG PropertyBinder:155 - Cascading bank_id with null
21:53:30,811  INFO AnnotationBinder:387 - Binding entity from annotated class: actionForm.Client_Login
21:53:30,812 DEBUG Ejb3Column:161 - Binding column DTYPE unique false
21:53:30,812 DEBUG EntityBinder:212 - Import with entity name=Client_Login
21:53:30,812  INFO EntityBinder:340 - Bind entity actionForm.Client_Login on table bank_client_login
21:53:30,812 DEBUG AnnotationBinder:940 - Processing actionForm.Client_Login property annotation
21:53:30,815 DEBUG AnnotationBinder:1032 - Processing annotations of actionForm.Client_Login.userName
21:53:30,815 DEBUG Ejb3Column:161 - Binding column bank_client_user unique false
21:53:30,816 DEBUG AnnotationBinder:1153 - userName is an id
21:53:30,816 DEBUG SimpleValueBinder:220 - building SimpleValue for userName
21:53:30,816 DEBUG PropertyBinder:122 - Building property userName
21:53:30,817 DEBUG PropertyBinder:155 - Cascading userName with null
21:53:30,817 DEBUG AnnotationBinder:1186 - Bind @Id on userName
21:53:30,817 DEBUG AnnotationBinder:1032 - Processing annotations of actionForm.Client_Login.password
21:53:30,817 DEBUG Ejb3Column:161 - Binding column bank_client_pass unique false
21:53:30,818 DEBUG PropertyBinder:102 - binding property password with lazy=false
21:53:30,818 DEBUG SimpleValueBinder:220 - building SimpleValue for password
21:53:30,819 DEBUG PropertyBinder:122 - Building property password
21:53:30,819 DEBUG PropertyBinder:155 - Cascading password with null
21:53:30,819 DEBUG AnnotationBinder:1032 - Processing annotations of actionForm.Client_Login.bank_id
21:53:30,820 DEBUG Ejb3Column:161 - Binding column bank_client_id unique false
21:53:30,822 DEBUG PropertyBinder:102 - binding property bank_id with lazy=false
21:53:30,822 DEBUG SimpleValueBinder:220 - building SimpleValue for bank_id
21:53:30,822 DEBUG PropertyBinder:122 - Building property bank_id
21:53:30,823 DEBUG PropertyBinder:155 - Cascading bank_id with null
21:53:30,823  INFO AnnotationBinder:387 - Binding entity from annotated class: actionForm.Admin_LoginMan
21:53:30,823 DEBUG Ejb3Column:161 - Binding column DTYPE unique false
21:53:30,823 DEBUG EntityBinder:212 - Import with entity name=Admin_LoginMan
21:53:30,824  INFO EntityBinder:340 - Bind entity actionForm.Admin_LoginMan on table bank_admin_loginman
21:53:30,824 DEBUG AnnotationBinder:940 - Processing actionForm.Admin_LoginMan property annotation
21:53:30,827 DEBUG AnnotationBinder:1032 - Processing annotations of actionForm.Admin_LoginMan.id
21:53:30,827 DEBUG Ejb3Column:161 - Binding column id unique false
21:53:30,828 DEBUG AnnotationBinder:1153 - id is an id
21:53:30,828 DEBUG SimpleValueBinder:220 - building SimpleValue for id
21:53:30,829 DEBUG PropertyBinder:122 - Building property id
21:53:30,829 DEBUG PropertyBinder:155 - Cascading id with null
21:53:30,829 DEBUG AnnotationBinder:1186 - Bind @Id on id
21:53:30,829 DEBUG AnnotationBinder:1032 - Processing annotations of actionForm.Admin_LoginMan.bank_id
21:53:30,830 DEBUG Ejb3Column:161 - Binding column bank_admin_id unique false
21:53:30,830 DEBUG PropertyBinder:102 - binding property bank_id with lazy=false
21:53:30,830 DEBUG SimpleValueBinder:220 - building SimpleValue for bank_id
21:53:30,830 DEBUG PropertyBinder:122 - Building property bank_id
21:53:30,830 DEBUG PropertyBinder:155 - Cascading bank_id with null
21:53:30,830 DEBUG AnnotationBinder:1032 - Processing annotations of actionForm.Admin_LoginMan.created
21:53:30,831 DEBUG Ejb3Column:161 - Binding column created unique false
21:53:30,831 DEBUG PropertyBinder:102 - binding property created with lazy=false
21:53:30,831 DEBUG SimpleValueBinder:220 - building SimpleValue for created
21:53:30,832 DEBUG PropertyBinder:122 - Building property created
21:53:30,832 DEBUG PropertyBinder:155 - Cascading created with null
21:53:30,832  INFO AnnotationBinder:387 - Binding entity from annotated class: actionForm.Emp_LoginMan
21:53:30,832 DEBUG Ejb3Column:161 - Binding column DTYPE unique false
21:53:30,832 DEBUG EntityBinder:212 - Import with entity name=Emp_LoginMan
21:53:30,832  INFO EntityBinder:340 - Bind entity actionForm.Emp_LoginMan on table bank_emp_loginman
21:53:30,833 DEBUG AnnotationBinder:940 - Processing actionForm.Emp_LoginMan property annotation
21:53:30,834 DEBUG AnnotationBinder:1032 - Processing annotations of actionForm.Emp_LoginMan.id
21:53:30,834 DEBUG Ejb3Column:161 - Binding column id unique false
21:53:30,834 DEBUG AnnotationBinder:1153 - id is an id
21:53:30,834 DEBUG SimpleValueBinder:220 - building SimpleValue for id
21:53:30,834 DEBUG PropertyBinder:122 - Building property id
21:53:30,834 DEBUG PropertyBinder:155 - Cascading id with null
21:53:30,835 DEBUG AnnotationBinder:1186 - Bind @Id on id
21:53:30,835 DEBUG AnnotationBinder:1032 - Processing annotations of actionForm.Emp_LoginMan.bank_id
21:53:30,835 DEBUG Ejb3Column:161 - Binding column bank_emp_id unique false
21:53:30,835 DEBUG PropertyBinder:102 - binding property bank_id with lazy=false
21:53:30,835 DEBUG SimpleValueBinder:220 - building SimpleValue for bank_id
21:53:30,835 DEBUG PropertyBinder:122 - Building property bank_id
21:53:30,836 DEBUG PropertyBinder:155 - Cascading bank_id with null
21:53:30,836 DEBUG AnnotationBinder:1032 - Processing annotations of actionForm.Emp_LoginMan.created
21:53:30,836 DEBUG Ejb3Column:161 - Binding column created unique false
21:53:30,836 DEBUG PropertyBinder:102 - binding property created with lazy=false
21:53:30,836 DEBUG SimpleValueBinder:220 - building SimpleValue for created
21:53:30,836 DEBUG PropertyBinder:122 - Building property created
21:53:30,836 DEBUG PropertyBinder:155 - Cascading created with null
21:53:30,837  INFO AnnotationBinder:387 - Binding entity from annotated class: actionForm.Client_LoginMan
21:53:30,837 DEBUG Ejb3Column:161 - Binding column DTYPE unique false
21:53:30,837 DEBUG EntityBinder:212 - Import with entity name=Client_LoginMan
21:53:30,837  INFO EntityBinder:340 - Bind entity actionForm.Client_LoginMan on table bank_client_loginman
21:53:30,837 DEBUG AnnotationBinder:940 - Processing actionForm.Client_LoginMan property annotation
21:53:30,838 DEBUG AnnotationBinder:1032 - Processing annotations of actionForm.Client_LoginMan.id
21:53:30,838 DEBUG Ejb3Column:161 - Binding column id unique false
21:53:30,838 DEBUG AnnotationBinder:1153 - id is an id
21:53:30,839 DEBUG SimpleValueBinder:220 - building SimpleValue for id
21:53:30,839 DEBUG PropertyBinder:122 - Building property id
21:53:30,839 DEBUG PropertyBinder:155 - Cascading id with null
21:53:30,839 DEBUG AnnotationBinder:1186 - Bind @Id on id
21:53:30,839 DEBUG AnnotationBinder:1032 - Processing annotations of actionForm.Client_LoginMan.bank_id
21:53:30,839 DEBUG Ejb3Column:161 - Binding column bank_client_id unique false
21:53:30,839 DEBUG PropertyBinder:102 - binding property bank_id with lazy=false
21:53:30,840 DEBUG SimpleValueBinder:220 - building SimpleValue for bank_id
21:53:30,840 DEBUG PropertyBinder:122 - Building property bank_id
21:53:30,840 DEBUG PropertyBinder:155 - Cascading bank_id with null
21:53:30,840 DEBUG AnnotationBinder:1032 - Processing annotations of actionForm.Client_LoginMan.created
21:53:30,840 DEBUG Ejb3Column:161 - Binding column created unique false
21:53:30,841 DEBUG PropertyBinder:102 - binding property created with lazy=false
21:53:30,841 DEBUG SimpleValueBinder:220 - building SimpleValue for created
21:53:30,842 DEBUG PropertyBinder:122 - Building property created
21:53:30,842 DEBUG PropertyBinder:155 - Cascading created with null
21:53:30,842  INFO AnnotationBinder:387 - Binding entity from annotated class: actionForm.Admin_ClientChPW
21:53:30,842 DEBUG Ejb3Column:161 - Binding column DTYPE unique false
21:53:30,843 DEBUG EntityBinder:212 - Import with entity name=Admin_ClientChPW
21:53:30,843  INFO EntityBinder:340 - Bind entity actionForm.Admin_ClientChPW on table bank_client_login
21:53:30,843 DEBUG AnnotationBinder:940 - Processing actionForm.Admin_ClientChPW property annotation
21:53:30,845 DEBUG AnnotationBinder:1032 - Processing annotations of actionForm.Admin_ClientChPW.userName
21:53:30,845 DEBUG Ejb3Column:161 - Binding column bank_client_user unique false
21:53:30,845 DEBUG AnnotationBinder:1153 - userName is an id
21:53:30,845 DEBUG SimpleValueBinder:220 - building SimpleValue for userName
21:53:30,846 DEBUG PropertyBinder:122 - Building property userName
21:53:30,846 DEBUG PropertyBinder:155 - Cascading userName with null
21:53:30,846 DEBUG AnnotationBinder:1186 - Bind @Id on userName
21:53:30,846 DEBUG AnnotationBinder:1032 - Processing annotations of actionForm.Admin_ClientChPW.password
21:53:30,847 DEBUG Ejb3Column:161 - Binding column bank_client_pass unique false
21:53:30,847 DEBUG PropertyBinder:102 - binding property password with lazy=false
21:53:30,847 DEBUG SimpleValueBinder:220 - building SimpleValue for password
21:53:30,847 DEBUG PropertyBinder:122 - Building property password
21:53:30,847 DEBUG PropertyBinder:155 - Cascading password with null
21:53:30,847 DEBUG AnnotationBinder:1032 - Processing annotations of actionForm.Admin_ClientChPW.bank_id
21:53:30,847 DEBUG Ejb3Column:161 - Binding column bank_client_id unique false
21:53:30,848 DEBUG PropertyBinder:102 - binding property bank_id with lazy=false
21:53:30,848 DEBUG SimpleValueBinder:220 - building SimpleValue for bank_id
21:53:30,848 DEBUG PropertyBinder:122 - Building property bank_id
21:53:30,848 DEBUG PropertyBinder:155 - Cascading bank_id with null
21:53:30,848  INFO AnnotationBinder:387 - Binding entity from annotated class: actionForm.Admin_EmpChPW
21:53:30,848 DEBUG Ejb3Column:161 - Binding column DTYPE unique false
21:53:30,848 DEBUG EntityBinder:212 - Import with entity name=Admin_EmpChPW
21:53:30,848  INFO EntityBinder:340 - Bind entity actionForm.Admin_EmpChPW on table bank_emp_login
21:53:30,849 DEBUG AnnotationBinder:940 - Processing actionForm.Admin_EmpChPW property annotation
21:53:30,850 DEBUG AnnotationBinder:1032 - Processing annotations of actionForm.Admin_EmpChPW.userName
21:53:30,850 DEBUG Ejb3Column:161 - Binding column bank_emp_user unique false
21:53:30,851 DEBUG AnnotationBinder:1153 - userName is an id
21:53:30,851 DEBUG SimpleValueBinder:220 - building SimpleValue for userName
21:53:30,851 DEBUG PropertyBinder:122 - Building property userName
21:53:30,851 DEBUG PropertyBinder:155 - Cascading userName with null
21:53:30,851 DEBUG AnnotationBinder:1186 - Bind @Id on userName
21:53:30,851 DEBUG AnnotationBinder:1032 - Processing annotations of actionForm.Admin_EmpChPW.password
21:53:30,851 DEBUG Ejb3Column:161 - Binding column bank_emp_pass unique false
21:53:30,852 DEBUG PropertyBinder:102 - binding property password with lazy=false
21:53:30,852 DEBUG SimpleValueBinder:220 - building SimpleValue for password
21:53:30,852 DEBUG PropertyBinder:122 - Building property password
21:53:30,852 DEBUG PropertyBinder:155 - Cascading password with null
21:53:30,852 DEBUG AnnotationBinder:1032 - Processing annotations of actionForm.Admin_EmpChPW.bank_id
21:53:30,852 DEBUG Ejb3Column:161 - Binding column bank_emp_id unique false
21:53:30,852 DEBUG PropertyBinder:102 - binding property bank_id with lazy=false
21:53:30,853 DEBUG SimpleValueBinder:220 - building SimpleValue for bank_id
21:53:30,853 DEBUG PropertyBinder:122 - Building property bank_id
21:53:30,853 DEBUG PropertyBinder:155 - Cascading bank_id with null
21:53:30,853  INFO AnnotationBinder:387 - Binding entity from annotated class: actionForm.Admin_AddEmp
21:53:30,853 DEBUG Ejb3Column:161 - Binding column DTYPE unique false
21:53:30,854 DEBUG EntityBinder:212 - Import with entity name=Admin_AddEmp
21:53:30,854  INFO EntityBinder:340 - Bind entity actionForm.Admin_AddEmp on table bank_emp_details
21:53:30,854 DEBUG AnnotationBinder:940 - Processing actionForm.Admin_AddEmp property annotation
21:53:30,857 DEBUG AnnotationBinder:1032 - Processing annotations of actionForm.Admin_AddEmp.bank_id
21:53:30,857 DEBUG Ejb3Column:161 - Binding column bank_emp_id unique false
21:53:30,857 DEBUG AnnotationBinder:1153 - bank_id is an id
21:53:30,857 DEBUG SimpleValueBinder:220 - building SimpleValue for bank_id
21:53:30,858 DEBUG PropertyBinder:122 - Building property bank_id
21:53:30,858 DEBUG PropertyBinder:155 - Cascading bank_id with null
21:53:30,858 DEBUG AnnotationBinder:1186 - Bind @Id on bank_id
21:53:30,858 DEBUG AnnotationBinder:1032 - Processing annotations of actionForm.Admin_AddEmp.id
21:53:30,858 DEBUG Ejb3Column:161 - Binding column id unique false
21:53:30,858 DEBUG AnnotationBinder:1153 - id is an id
21:53:30,858 DEBUG SimpleValueBinder:220 - building SimpleValue for id
21:53:30,859 DEBUG PropertyBinder:122 - Building property id
21:53:30,859 DEBUG PropertyBinder:155 - Cascading id with null
21:53:30,859 DEBUG AnnotationBinder:1186 - Bind @Id on id
21:53:30,859 DEBUG AnnotationBinder:1032 - Processing annotations of actionForm.Admin_AddEmp.address
21:53:30,860 DEBUG Ejb3Column:161 - Binding column add_detail unique false
21:53:30,860 DEBUG PropertyBinder:102 - binding property address with lazy=false
21:53:30,860 DEBUG SimpleValueBinder:220 - building SimpleValue for address
21:53:30,860 DEBUG PropertyBinder:122 - Building property address
21:53:30,861 DEBUG PropertyBinder:155 - Cascading address with null
21:53:30,861 DEBUG AnnotationBinder:1032 - Processing annotations of actionForm.Admin_AddEmp.state
21:53:30,861 DEBUG Ejb3Column:161 - Binding column state_detail unique false
21:53:30,861 DEBUG PropertyBinder:102 - binding property state with lazy=false
21:53:30,861 DEBUG SimpleValueBinder:220 - building SimpleValue for state
21:53:30,862 DEBUG PropertyBinder:122 - Building property state
21:53:30,862 DEBUG PropertyBinder:155 - Cascading state with null
21:53:30,862 DEBUG AnnotationBinder:1032 - Processing annotations of actionForm.Admin_AddEmp.role_name
21:53:30,862 DEBUG Ejb3Column:161 - Binding column role_name unique false
21:53:30,862 DEBUG PropertyBinder:102 - binding property role_name with lazy=false
21:53:30,862 DEBUG SimpleValueBinder:220 - building SimpleValue for role_name
21:53:30,862 DEBUG PropertyBinder:122 - Building property role_name
21:53:30,862 DEBUG PropertyBinder:155 - Cascading role_name with null
21:53:30,862 DEBUG AnnotationBinder:1032 - Processing annotations of actionForm.Admin_AddEmp.branch
21:53:30,863 DEBUG Ejb3Column:161 - Binding column branch_name unique false
21:53:30,863 DEBUG PropertyBinder:102 - binding property branch with lazy=false
21:53:30,863 DEBUG SimpleValueBinder:220 - building SimpleValue for branch
21:53:30,863 DEBUG PropertyBinder:122 - Building property branch
21:53:30,863 DEBUG PropertyBinder:155 - Cascading branch with null
21:53:30,863 DEBUG AnnotationBinder:1032 - Processing annotations of actionForm.Admin_AddEmp.lastName
21:53:30,863 DEBUG Ejb3Column:161 - Binding column last_name unique false
21:53:30,863 DEBUG PropertyBinder:102 - binding property lastName with lazy=false
21:53:30,864 DEBUG SimpleValueBinder:220 - building SimpleValue for lastName
21:53:30,864 DEBUG PropertyBinder:122 - Building property lastName
21:53:30,864 DEBUG PropertyBinder:155 - Cascading lastName with null
21:53:30,864 DEBUG AnnotationBinder:1032 - Processing annotations of actionForm.Admin_AddEmp.firstName
21:53:30,864 DEBUG Ejb3Column:161 - Binding column first_name unique false
21:53:30,864 DEBUG PropertyBinder:102 - binding property firstName with lazy=false
21:53:30,864 DEBUG SimpleValueBinder:220 - building SimpleValue for firstName
21:53:30,864 DEBUG PropertyBinder:122 - Building property firstName
21:53:30,864 DEBUG PropertyBinder:155 - Cascading firstName with null
21:53:30,865 DEBUG AnnotationBinder:1032 - Processing annotations of actionForm.Admin_AddEmp.dob
21:53:30,865 DEBUG Ejb3Column:161 - Binding column dob_detail unique false
21:53:30,865 DEBUG PropertyBinder:102 - binding property dob with lazy=false
21:53:30,865 DEBUG SimpleValueBinder:220 - building SimpleValue for dob
21:53:30,865 DEBUG PropertyBinder:122 - Building property dob
21:53:30,865 DEBUG PropertyBinder:155 - Cascading dob with null
21:53:30,866 DEBUG AnnotationBinder:1032 - Processing annotations of actionForm.Admin_AddEmp.mobile
21:53:30,866 DEBUG Ejb3Column:161 - Binding column phone_mobile_no unique false
21:53:30,866 DEBUG PropertyBinder:102 - binding property mobile with lazy=false
21:53:30,866 DEBUG SimpleValueBinder:220 - building SimpleValue for mobile
21:53:30,866 DEBUG PropertyBinder:122 - Building property mobile
21:53:30,867 DEBUG PropertyBinder:155 - Cascading mobile with null
21:53:30,867 DEBUG AnnotationBinder:1032 - Processing annotations of actionForm.Admin_AddEmp.city
21:53:30,867 DEBUG Ejb3Column:161 - Binding column city_detail unique false
21:53:30,867 DEBUG PropertyBinder:102 - binding property city with lazy=false
21:53:30,868 DEBUG SimpleValueBinder:220 - building SimpleValue for city
21:53:30,868 DEBUG PropertyBinder:122 - Building property city
21:53:30,868 DEBUG PropertyBinder:155 - Cascading city with null
21:53:30,868 DEBUG AnnotationBinder:1032 - Processing annotations of actionForm.Admin_AddEmp.gender
21:53:30,869 DEBUG Ejb3Column:161 - Binding column gender unique false
21:53:30,869 DEBUG PropertyBinder:102 - binding property gender with lazy=false
21:53:30,869 DEBUG SimpleValueBinder:220 - building SimpleValue for gender
21:53:30,869 DEBUG PropertyBinder:122 - Building property gender
21:53:30,869 DEBUG PropertyBinder:155 - Cascading gender with null
21:53:30,870 DEBUG AnnotationBinder:1032 - Processing annotations of actionForm.Admin_AddEmp.middleName
21:53:30,870 DEBUG Ejb3Column:161 - Binding column middle_name unique false
21:53:30,870 DEBUG PropertyBinder:102 - binding property middleName with lazy=false
21:53:30,870 DEBUG SimpleValueBinder:220 - building SimpleValue for middleName
21:53:30,871 DEBUG PropertyBinder:122 - Building property middleName
21:53:30,871 DEBUG PropertyBinder:155 - Cascading middleName with null
21:53:30,871 DEBUG AnnotationBinder:1032 - Processing annotations of actionForm.Admin_AddEmp.landLine
21:53:30,871 DEBUG Ejb3Column:161 - Binding column phone_land_no unique false
21:53:30,872 DEBUG PropertyBinder:102 - binding property landLine with lazy=false
21:53:30,872 DEBUG SimpleValueBinder:220 - building SimpleValue for landLine
21:53:30,872 DEBUG PropertyBinder:122 - Building property landLine
21:53:30,872 DEBUG PropertyBinder:155 - Cascading landLine with null
21:53:30,872 DEBUG AnnotationBinder:1032 - Processing annotations of actionForm.Admin_AddEmp.email
21:53:30,875 DEBUG Ejb3Column:161 - Binding column email_detail unique false
21:53:30,875 DEBUG PropertyBinder:102 - binding property email with lazy=false
21:53:30,875 DEBUG SimpleValueBinder:220 - building SimpleValue for email
21:53:30,875 DEBUG PropertyBinder:122 - Building property email
21:53:30,876 DEBUG PropertyBinder:155 - Cascading email with null
21:53:30,876  INFO AnnotationBinder:387 - Binding entity from annotated class: actionForm.Emp_AddClient
21:53:30,876 DEBUG Ejb3Column:161 - Binding column DTYPE unique false
21:53:30,876 DEBUG EntityBinder:212 - Import with entity name=Emp_AddClient
21:53:30,876  INFO EntityBinder:340 - Bind entity actionForm.Emp_AddClient on table bank_client_details
21:53:30,877 DEBUG AnnotationBinder:940 - Processing actionForm.Emp_AddClient property annotation
21:53:30,880 DEBUG AnnotationBinder:1032 - Processing annotations of actionForm.Emp_AddClient.bank_id
21:53:30,880 DEBUG Ejb3Column:161 - Binding column bank_client_id unique false
21:53:30,880 DEBUG AnnotationBinder:1153 - bank_id is an id
21:53:30,880 DEBUG SimpleValueBinder:220 - building SimpleValue for bank_id
21:53:30,881 DEBUG PropertyBinder:122 - Building property bank_id
21:53:30,881 DEBUG PropertyBinder:155 - Cascading bank_id with null
21:53:30,881 DEBUG AnnotationBinder:1186 - Bind @Id on bank_id
21:53:30,883 DEBUG AnnotationBinder:1032 - Processing annotations of actionForm.Emp_AddClient.id
21:53:30,883 DEBUG Ejb3Column:161 - Binding column id unique false
21:53:30,883 DEBUG AnnotationBinder:1153 - id is an id
21:53:30,883 DEBUG SimpleValueBinder:220 - building SimpleValue for id
21:53:30,883 DEBUG PropertyBinder:122 - Building property id
21:53:30,884 DEBUG PropertyBinder:155 - Cascading id with null
21:53:30,884 DEBUG AnnotationBinder:1186 - Bind @Id on id
21:53:30,884 DEBUG AnnotationBinder:1032 - Processing annotations of actionForm.Emp_AddClient.address
21:53:30,884 DEBUG Ejb3Column:161 - Binding column add_detail unique false
21:53:30,884 DEBUG PropertyBinder:102 - binding property address with lazy=false
21:53:30,884 DEBUG SimpleValueBinder:220 - building SimpleValue for address
21:53:30,884 DEBUG PropertyBinder:122 - Building property address
21:53:30,884 DEBUG PropertyBinder:155 - Cascading address with null
21:53:30,885 DEBUG AnnotationBinder:1032 - Processing annotations of actionForm.Emp_AddClient.state
21:53:30,885 DEBUG Ejb3Column:161 - Binding column state_detail unique false
21:53:30,885 DEBUG PropertyBinder:102 - binding property state with lazy=false
21:53:30,885 DEBUG SimpleValueBinder:220 - building SimpleValue for state
21:53:30,885 DEBUG PropertyBinder:122 - Building property state
21:53:30,885 DEBUG PropertyBinder:155 - Cascading state with null
21:53:30,885 DEBUG AnnotationBinder:1032 - Processing annotations of actionForm.Emp_AddClient.branch
21:53:30,885 DEBUG Ejb3Column:161 - Binding column branch_name unique false
21:53:30,885 DEBUG PropertyBinder:102 - binding property branch with lazy=false
21:53:30,886 DEBUG SimpleValueBinder:220 - building SimpleValue for branch
21:53:30,886 DEBUG PropertyBinder:122 - Building property branch
21:53:30,886 DEBUG PropertyBinder:155 - Cascading branch with null
21:53:30,886 DEBUG AnnotationBinder:1032 - Processing annotations of actionForm.Emp_AddClient.lastName
21:53:30,886 DEBUG Ejb3Column:161 - Binding column last_name unique false
21:53:30,886 DEBUG PropertyBinder:102 - binding property lastName with lazy=false
21:53:30,886 DEBUG SimpleValueBinder:220 - building SimpleValue for lastName
21:53:30,887 DEBUG PropertyBinder:122 - Building property lastName
21:53:30,887 DEBUG PropertyBinder:155 - Cascading lastName with null
21:53:30,887 DEBUG AnnotationBinder:1032 - Processing annotations of actionForm.Emp_AddClient.firstName
21:53:30,887 DEBUG Ejb3Column:161 - Binding column first_name unique false
21:53:30,887 DEBUG PropertyBinder:102 - binding property firstName with lazy=false
21:53:30,887 DEBUG SimpleValueBinder:220 - building SimpleValue for firstName
21:53:30,887 DEBUG PropertyBinder:122 - Building property firstName
21:53:30,887 DEBUG PropertyBinder:155 - Cascading firstName with null
21:53:30,888 DEBUG AnnotationBinder:1032 - Processing annotations of actionForm.Emp_AddClient.dob
21:53:30,888 DEBUG Ejb3Column:161 - Binding column dob_detail unique false
21:53:30,888 DEBUG PropertyBinder:102 - binding property dob with lazy=false
21:53:30,888 DEBUG SimpleValueBinder:220 - building SimpleValue for dob
21:53:30,888 DEBUG PropertyBinder:122 - Building property dob
21:53:30,888 DEBUG PropertyBinder:155 - Cascading dob with null
21:53:30,889 DEBUG AnnotationBinder:1032 - Processing annotations of actionForm.Emp_AddClient.mobile
21:53:30,889 DEBUG Ejb3Column:161 - Binding column phone_mobile_no unique false
21:53:30,889 DEBUG PropertyBinder:102 - binding property mobile with lazy=false
21:53:30,889 DEBUG SimpleValueBinder:220 - building SimpleValue for mobile
21:53:30,889 DEBUG PropertyBinder:122 - Building property mobile
21:53:30,890 DEBUG PropertyBinder:155 - Cascading mobile with null
21:53:30,890 DEBUG AnnotationBinder:1032 - Processing annotations of actionForm.Emp_AddClient.city
21:53:30,890 DEBUG Ejb3Column:161 - Binding column city_detail unique false
21:53:30,890 DEBUG PropertyBinder:102 - binding property city with lazy=false
21:53:30,890 DEBUG SimpleValueBinder:220 - building SimpleValue for city
21:53:30,891 DEBUG PropertyBinder:122 - Building property city
21:53:30,891 DEBUG PropertyBinder:155 - Cascading city with null
21:53:30,891 DEBUG AnnotationBinder:1032 - Processing annotations of actionForm.Emp_AddClient.gender
21:53:30,891 DEBUG Ejb3Column:161 - Binding column gender unique false
21:53:30,891 DEBUG PropertyBinder:102 - binding property gender with lazy=false
21:53:30,891 DEBUG SimpleValueBinder:220 - building SimpleValue for gender
21:53:30,891 DEBUG PropertyBinder:122 - Building property gender
21:53:30,892 DEBUG PropertyBinder:155 - Cascading gender with null
21:53:30,892 DEBUG AnnotationBinder:1032 - Processing annotations of actionForm.Emp_AddClient.middleName
21:53:30,892 DEBUG Ejb3Column:161 - Binding column middle_name unique false
21:53:30,892 DEBUG PropertyBinder:102 - binding property middleName with lazy=false
21:53:30,892 DEBUG SimpleValueBinder:220 - building SimpleValue for middleName
21:53:30,892 DEBUG PropertyBinder:122 - Building property middleName
21:53:30,892 DEBUG PropertyBinder:155 - Cascading middleName with null
21:53:30,892 DEBUG AnnotationBinder:1032 - Processing annotations of actionForm.Emp_AddClient.landLine
21:53:30,893 DEBUG Ejb3Column:161 - Binding column phone_land_no unique false
21:53:30,893 DEBUG PropertyBinder:102 - binding property landLine with lazy=false
21:53:30,893 DEBUG SimpleValueBinder:220 - building SimpleValue for landLine
21:53:30,893 DEBUG PropertyBinder:122 - Building property landLine
21:53:30,893 DEBUG PropertyBinder:155 - Cascading landLine with null
21:53:30,893 DEBUG AnnotationBinder:1032 - Processing annotations of actionForm.Emp_AddClient.email
21:53:30,893 DEBUG Ejb3Column:161 - Binding column email_detail unique false
21:53:30,893 DEBUG PropertyBinder:102 - binding property email with lazy=false
21:53:30,894 DEBUG SimpleValueBinder:220 - building SimpleValue for email
21:53:30,894 DEBUG PropertyBinder:122 - Building property email
21:53:30,894 DEBUG PropertyBinder:155 - Cascading email with null
21:53:30,894  INFO AnnotationBinder:387 - Binding entity from annotated class: actionForm.Emp_AddTrans
21:53:30,894 DEBUG Ejb3Column:161 - Binding column DTYPE unique false
21:53:30,894 DEBUG EntityBinder:212 - Import with entity name=Emp_AddTrans
21:53:30,894  INFO EntityBinder:340 - Bind entity actionForm.Emp_AddTrans on table bank_trans
21:53:30,895 DEBUG AnnotationBinder:940 - Processing actionForm.Emp_AddTrans property annotation
21:53:30,897 DEBUG AnnotationBinder:1032 - Processing annotations of actionForm.Emp_AddTrans.id
21:53:30,897 DEBUG Ejb3Column:161 - Binding column id unique false
21:53:30,898 DEBUG AnnotationBinder:1153 - id is an id
21:53:30,898 DEBUG SimpleValueBinder:220 - building SimpleValue for id
21:53:30,898 DEBUG PropertyBinder:122 - Building property id
21:53:30,898 DEBUG PropertyBinder:155 - Cascading id with null
21:53:30,898 DEBUG AnnotationBinder:1186 - Bind @Id on id
21:53:30,898 DEBUG AnnotationBinder:1032 - Processing annotations of actionForm.Emp_AddTrans.created
21:53:30,898 DEBUG Ejb3Column:161 - Binding column created unique false
21:53:30,898 DEBUG PropertyBinder:102 - binding property created with lazy=false
21:53:30,899 DEBUG SimpleValueBinder:220 - building SimpleValue for created
21:53:30,899 DEBUG PropertyBinder:122 - Building property created
21:53:30,899 DEBUG PropertyBinder:155 - Cascading created with null
21:53:30,899 DEBUG AnnotationBinder:1032 - Processing annotations of actionForm.Emp_AddTrans.clid
21:53:30,899 DEBUG Ejb3Column:161 - Binding column bank_client_id unique false
21:53:30,899 DEBUG PropertyBinder:102 - binding property clid with lazy=false
21:53:30,899 DEBUG SimpleValueBinder:220 - building SimpleValue for clid
21:53:30,900 DEBUG PropertyBinder:122 - Building property clid
21:53:30,900 DEBUG PropertyBinder:155 - Cascading clid with null
21:53:30,900 DEBUG AnnotationBinder:1032 - Processing annotations of actionForm.Emp_AddTrans.details
21:53:30,900 DEBUG Ejb3Column:161 - Binding column details unique false
21:53:30,900 DEBUG PropertyBinder:102 - binding property details with lazy=false
21:53:30,900 DEBUG SimpleValueBinder:220 - building SimpleValue for details
21:53:30,900 DEBUG PropertyBinder:122 - Building property details
21:53:30,901 DEBUG PropertyBinder:155 - Cascading details with null
21:53:30,901 DEBUG AnnotationBinder:1032 - Processing annotations of actionForm.Emp_AddTrans.amount
21:53:30,901 DEBUG Ejb3Column:161 - Binding column balance unique false
21:53:30,901 DEBUG PropertyBinder:102 - binding property amount with lazy=false
21:53:30,901 DEBUG SimpleValueBinder:220 - building SimpleValue for amount
21:53:30,901 DEBUG PropertyBinder:122 - Building property amount
21:53:30,902 DEBUG PropertyBinder:155 - Cascading amount with null
21:53:30,902 DEBUG AnnotationBinder:1032 - Processing annotations of actionForm.Emp_AddTrans.withdrawn
21:53:30,902 DEBUG Ejb3Column:161 - Binding column withdrawn unique false
21:53:30,902 DEBUG PropertyBinder:102 - binding property withdrawn with lazy=false
21:53:30,902 DEBUG SimpleValueBinder:220 - building SimpleValue for withdrawn
21:53:30,902 DEBUG PropertyBinder:122 - Building property withdrawn
21:53:30,902 DEBUG PropertyBinder:155 - Cascading withdrawn with null
21:53:30,902 DEBUG AnnotationBinder:1032 - Processing annotations of actionForm.Emp_AddTrans.deposit
21:53:30,902 DEBUG Ejb3Column:161 - Binding column deposit unique false
21:53:30,903 DEBUG PropertyBinder:102 - binding property deposit with lazy=false
21:53:30,903 DEBUG SimpleValueBinder:220 - building SimpleValue for deposit
21:53:30,903 DEBUG PropertyBinder:122 - Building property deposit
21:53:30,903 DEBUG PropertyBinder:155 - Cascading deposit with null
21:53:30,903  INFO AnnotationBinder:387 - Binding entity from annotated class: actionForm.Client_View
21:53:30,903 DEBUG Ejb3Column:161 - Binding column DTYPE unique false
21:53:30,903 DEBUG EntityBinder:212 - Import with entity name=Client_View
21:53:30,903  INFO EntityBinder:340 - Bind entity actionForm.Client_View on table bank_trans
21:53:30,903 DEBUG AnnotationBinder:940 - Processing actionForm.Client_View property annotation
21:53:30,905 DEBUG AnnotationBinder:1032 - Processing annotations of actionForm.Client_View.id
21:53:30,906 DEBUG Ejb3Column:161 - Binding column id unique false
21:53:30,906 DEBUG AnnotationBinder:1153 - id is an id
21:53:30,906 DEBUG SimpleValueBinder:220 - building SimpleValue for id
21:53:30,906 DEBUG PropertyBinder:122 - Building property id
21:53:30,906 DEBUG PropertyBinder:155 - Cascading id with null
21:53:30,907 DEBUG AnnotationBinder:1186 - Bind @Id on id
21:53:30,907 DEBUG AnnotationBinder:1032 - Processing annotations of actionForm.Client_View.created
21:53:30,907 DEBUG Ejb3Column:161 - Binding column created unique false
21:53:30,907 DEBUG PropertyBinder:102 - binding property created with lazy=false
21:53:30,907 DEBUG SimpleValueBinder:220 - building SimpleValue for created
21:53:30,908 DEBUG PropertyBinder:122 - Building property created
21:53:30,908 DEBUG PropertyBinder:155 - Cascading created with null
21:53:30,908 DEBUG AnnotationBinder:1032 - Processing annotations of actionForm.Client_View.clid
21:53:30,908 DEBUG Ejb3Column:161 - Binding column bank_client_id unique false
21:53:30,908 DEBUG PropertyBinder:102 - binding property clid with lazy=false
21:53:30,908 DEBUG SimpleValueBinder:220 - building SimpleValue for clid
21:53:30,909 DEBUG PropertyBinder:122 - Building property clid
21:53:30,909 DEBUG PropertyBinder:155 - Cascading clid with null
21:53:30,909 DEBUG AnnotationBinder:1032 - Processing annotations of actionForm.Client_View.details
21:53:30,909 DEBUG Ejb3Column:161 - Binding column details unique false
21:53:30,909 DEBUG PropertyBinder:102 - binding property details with lazy=false
21:53:30,909 DEBUG SimpleValueBinder:220 - building SimpleValue for details
21:53:30,909 DEBUG PropertyBinder:122 - Building property details
21:53:30,909 DEBUG PropertyBinder:155 - Cascading details with null
21:53:30,910 DEBUG AnnotationBinder:1032 - Processing annotations of actionForm.Client_View.amount
21:53:30,910 DEBUG Ejb3Column:161 - Binding column balance unique false
21:53:30,910 DEBUG PropertyBinder:102 - binding property amount with lazy=false
21:53:30,910 DEBUG SimpleValueBinder:220 - building SimpleValue for amount
21:53:30,910 DEBUG PropertyBinder:122 - Building property amount
21:53:30,910 DEBUG PropertyBinder:155 - Cascading amount with null
21:53:30,910 DEBUG AnnotationBinder:1032 - Processing annotations of actionForm.Client_View.withdrawn
21:53:30,910 DEBUG Ejb3Column:161 - Binding column withdrawn unique false
21:53:30,911 DEBUG PropertyBinder:102 - binding property withdrawn with lazy=false
21:53:30,911 DEBUG SimpleValueBinder:220 - building SimpleValue for withdrawn
21:53:30,911 DEBUG PropertyBinder:122 - Building property withdrawn
21:53:30,911 DEBUG PropertyBinder:155 - Cascading withdrawn with null
21:53:30,911 DEBUG AnnotationBinder:1032 - Processing annotations of actionForm.Client_View.deposit
21:53:30,911 DEBUG Ejb3Column:161 - Binding column deposit unique false
21:53:30,912 DEBUG PropertyBinder:102 - binding property deposit with lazy=false
21:53:30,912 DEBUG SimpleValueBinder:220 - building SimpleValue for deposit
21:53:30,912 DEBUG PropertyBinder:122 - Building property deposit
21:53:30,912 DEBUG PropertyBinder:155 - Cascading deposit with null
21:53:30,912 DEBUG AnnotationConfiguration:329 - processing manytoone fk mappings
21:53:30,924 DEBUG ClassValidator:160 - ResourceBundle ValidatorMessages not found in thread context classloader
21:53:30,924 DEBUG ClassValidator:170 - ResourceBundle ValidatorMessages not found in Validator classloader. Delegate to org.hibernate.validator.resources.DefaultValidatorMessages
21:53:30,937 DEBUG ClassValidator:160 - ResourceBundle ValidatorMessages not found in thread context classloader
21:53:30,937 DEBUG ClassValidator:170 - ResourceBundle ValidatorMessages not found in Validator classloader. Delegate to org.hibernate.validator.resources.DefaultValidatorMessages
21:53:30,938 DEBUG ClassValidator:160 - ResourceBundle ValidatorMessages not found in thread context classloader
21:53:30,938 DEBUG ClassValidator:170 - ResourceBundle ValidatorMessages not found in Validator classloader. Delegate to org.hibernate.validator.resources.DefaultValidatorMessages
21:53:30,940 DEBUG ClassValidator:160 - ResourceBundle ValidatorMessages not found in thread context classloader
21:53:30,940 DEBUG ClassValidator:170 - ResourceBundle ValidatorMessages not found in Validator classloader. Delegate to org.hibernate.validator.resources.DefaultValidatorMessages
21:53:30,943 DEBUG ClassValidator:160 - ResourceBundle ValidatorMessages not found in thread context classloader
21:53:30,943 DEBUG ClassValidator:170 - ResourceBundle ValidatorMessages not found in Validator classloader. Delegate to org.hibernate.validator.resources.DefaultValidatorMessages
21:53:30,945 DEBUG ClassValidator:160 - ResourceBundle ValidatorMessages not found in thread context classloader
21:53:30,946 DEBUG ClassValidator:170 - ResourceBundle ValidatorMessages not found in Validator classloader. Delegate to org.hibernate.validator.resources.DefaultValidatorMessages
21:53:30,951 DEBUG ClassValidator:160 - ResourceBundle ValidatorMessages not found in thread context classloader
21:53:30,951 DEBUG ClassValidator:170 - ResourceBundle ValidatorMessages not found in Validator classloader. Delegate to org.hibernate.validator.resources.DefaultValidatorMessages
21:53:30,953 DEBUG ClassValidator:160 - ResourceBundle ValidatorMessages not found in thread context classloader
21:53:30,954 DEBUG ClassValidator:170 - ResourceBundle ValidatorMessages not found in Validator classloader. Delegate to org.hibernate.validator.resources.DefaultValidatorMessages
21:53:30,956 DEBUG ClassValidator:160 - ResourceBundle ValidatorMessages not found in thread context classloader
21:53:30,957 DEBUG ClassValidator:170 - ResourceBundle ValidatorMessages not found in Validator classloader. Delegate to org.hibernate.validator.resources.DefaultValidatorMessages
21:53:30,959 DEBUG ClassValidator:160 - ResourceBundle ValidatorMessages not found in thread context classloader
21:53:30,961 DEBUG ClassValidator:170 - ResourceBundle ValidatorMessages not found in Validator classloader. Delegate to org.hibernate.validator.resources.DefaultValidatorMessages
21:53:30,963 DEBUG ClassValidator:160 - ResourceBundle ValidatorMessages not found in thread context classloader
21:53:30,963 DEBUG ClassValidator:170 - ResourceBundle ValidatorMessages not found in Validator classloader. Delegate to org.hibernate.validator.resources.DefaultValidatorMessages
21:53:30,964 DEBUG ClassValidator:160 - ResourceBundle ValidatorMessages not found in thread context classloader
21:53:30,965 DEBUG ClassValidator:170 - ResourceBundle ValidatorMessages not found in Validator classloader. Delegate to org.hibernate.validator.resources.DefaultValidatorMessages
21:53:30,966 DEBUG ClassValidator:160 - ResourceBundle ValidatorMessages not found in thread context classloader
21:53:30,967 DEBUG ClassValidator:170 - ResourceBundle ValidatorMessages not found in Validator classloader. Delegate to org.hibernate.validator.resources.DefaultValidatorMessages
21:53:31,631 DEBUG AnnotationConfiguration:235 - Execute first pass mapping processing
21:53:31,631 DEBUG AnnotationConfiguration:435 - Process hbm files
21:53:31,631 DEBUG AnnotationConfiguration:443 - Process annotated classes
21:53:31,632 DEBUG AnnotationConfiguration:329 - processing manytoone fk mappings
21:53:31,632 DEBUG ClassValidator:160 - ResourceBundle ValidatorMessages not found in thread context classloader
21:53:31,632 DEBUG ClassValidator:170 - ResourceBundle ValidatorMessages not found in Validator classloader. Delegate to org.hibernate.validator.resources.DefaultValidatorMessages
21:53:31,634 DEBUG ClassValidator:160 - ResourceBundle ValidatorMessages not found in thread context classloader
21:53:31,634 DEBUG ClassValidator:170 - ResourceBundle ValidatorMessages not found in Validator classloader. Delegate to org.hibernate.validator.resources.DefaultValidatorMessages
21:53:31,635 DEBUG ClassValidator:160 - ResourceBundle ValidatorMessages not found in thread context classloader
21:53:31,635 DEBUG ClassValidator:170 - ResourceBundle ValidatorMessages not found in Validator classloader. Delegate to org.hibernate.validator.resources.DefaultValidatorMessages
21:53:31,637 DEBUG ClassValidator:160 - ResourceBundle ValidatorMessages not found in thread context classloader
21:53:31,637 DEBUG ClassValidator:170 - ResourceBundle ValidatorMessages not found in Validator classloader. Delegate to org.hibernate.validator.resources.DefaultValidatorMessages
21:53:31,638 DEBUG ClassValidator:160 - ResourceBundle ValidatorMessages not found in thread context classloader
21:53:31,638 DEBUG ClassValidator:170 - ResourceBundle ValidatorMessages not found in Validator classloader. Delegate to org.hibernate.validator.resources.DefaultValidatorMessages
21:53:31,639 DEBUG ClassValidator:160 - ResourceBundle ValidatorMessages not found in thread context classloader
21:53:31,640 DEBUG ClassValidator:170 - ResourceBundle ValidatorMessages not found in Validator classloader. Delegate to org.hibernate.validator.resources.DefaultValidatorMessages
21:53:31,642 DEBUG ClassValidator:160 - ResourceBundle ValidatorMessages not found in thread context classloader
21:53:31,642 DEBUG ClassValidator:170 - ResourceBundle ValidatorMessages not found in Validator classloader. Delegate to org.hibernate.validator.resources.DefaultValidatorMessages
21:53:31,643 DEBUG ClassValidator:160 - ResourceBundle ValidatorMessages not found in thread context classloader
21:53:31,643 DEBUG ClassValidator:170 - ResourceBundle ValidatorMessages not found in Validator classloader. Delegate to org.hibernate.validator.resources.DefaultValidatorMessages
21:53:31,645 DEBUG ClassValidator:160 - ResourceBundle ValidatorMessages not found in thread context classloader
21:53:31,645 DEBUG ClassValidator:170 - ResourceBundle ValidatorMessages not found in Validator classloader. Delegate to org.hibernate.validator.resources.DefaultValidatorMessages
21:53:31,646 DEBUG ClassValidator:160 - ResourceBundle ValidatorMessages not found in thread context classloader
21:53:31,647 DEBUG ClassValidator:170 - ResourceBundle ValidatorMessages not found in Validator classloader. Delegate to org.hibernate.validator.resources.DefaultValidatorMessages
21:53:31,648 DEBUG ClassValidator:160 - ResourceBundle ValidatorMessages not found in thread context classloader
21:53:31,648 DEBUG ClassValidator:170 - ResourceBundle ValidatorMessages not found in Validator classloader. Delegate to org.hibernate.validator.resources.DefaultValidatorMessages
21:53:31,649 DEBUG ClassValidator:160 - ResourceBundle ValidatorMessages not found in thread context classloader
21:53:31,650 DEBUG ClassValidator:170 - ResourceBundle ValidatorMessages not found in Validator classloader. Delegate to org.hibernate.validator.resources.DefaultValidatorMessages
21:53:31,651 DEBUG ClassValidator:160 - ResourceBundle ValidatorMessages not found in thread context classloader
21:53:31,651 DEBUG ClassValidator:170 - ResourceBundle ValidatorMessages not found in Validator classloader. Delegate to org.hibernate.validator.resources.DefaultValidatorMessages
